<?xml version="1.0" encoding="UTF-8"?>
<testng-results skipped="0" failed="0" ignored="0" total="1" passed="1">
  <reporter-output>
  </reporter-output>
  <suite name="Default suite" duration-ms="15946" started-at="2020-06-07T04:57:36Z" finished-at="2020-06-07T04:57:52Z">
    <groups>
      <group name="Verify, Tabs">
        <method signature="TabsTestNG.Tabs()[pri:1, instance:application.test.TabsTestNG@71423665]" name="Tabs" class="application.test.TabsTestNG"/>
      </group> <!-- Verify, Tabs -->
    </groups>
    <test name="Default test" duration-ms="15946" started-at="2020-06-07T04:57:36Z" finished-at="2020-06-07T04:57:52Z">
      <class name="application.test.TabsTestNG">
        <test-method status="PASS" signature="menu()[pri:0, instance:application.test.TabsTestNG@71423665]" name="menu" is-config="true" duration-ms="14193" started-at="2020-06-07T04:57:36Z" finished-at="2020-06-07T04:57:50Z">
          <reporter-output>
          </reporter-output>
        </test-method> <!-- menu -->
        <test-method status="PASS" signature="Tabs()[pri:1, instance:application.test.TabsTestNG@71423665]" name="Tabs" duration-ms="1734" started-at="2020-06-07T04:57:50Z" finished-at="2020-06-07T04:57:52Z">
          <reporter-output>
          </reporter-output>
        </test-method> <!-- Tabs -->
      </class> <!-- application.test.TabsTestNG -->
    </test> <!-- Default test -->
  </suite> <!-- Default suite -->
</testng-results>
